[debug] [2023-01-16T11:06:49.351Z] ----------------------------------------------------------------------
[debug] [2023-01-16T11:06:49.353Z] Command:       C:\Program Files\nodejs\node.exe C:\Users\GURURAJ\AppData\Roaming\npm\node_modules\firebase-tools\lib\bin\firebase.js init
[debug] [2023-01-16T11:06:49.353Z] CLI Version:   11.20.0
[debug] [2023-01-16T11:06:49.354Z] Platform:      win32
[debug] [2023-01-16T11:06:49.354Z] Node Version:  v16.15.0
[debug] [2023-01-16T11:06:49.355Z] Time:          Mon Jan 16 2023 16:36:49 GMT+0530 (India Standard Time)
[debug] [2023-01-16T11:06:49.355Z] ----------------------------------------------------------------------
[debug] 
[debug] [2023-01-16T11:06:49.364Z] > command requires scopes: ["email","openid","https://www.googleapis.com/auth/cloudplatformprojects.readonly","https://www.googleapis.com/auth/firebase","https://www.googleapis.com/auth/cloud-platform"]
[debug] [2023-01-16T11:06:49.365Z] > authorizing via signed-in user (jdotgururaj@gmail.com)
[info] 
     ######## #### ########  ######## ########     ###     ######  ########
     ##        ##  ##     ## ##       ##     ##  ##   ##  ##       ##
     ######    ##  ########  ######   ########  #########  ######  ######
     ##        ##  ##    ##  ##       ##     ## ##     ##       ## ##
     ##       #### ##     ## ######## ########  ##     ##  ######  ########

You're about to initialize a Firebase project in this directory:

  I:\react-projects\coders_blog

[info] 
=== Project Setup
[info] 
[info] First, let's associate this project directory with a Firebase project.
[info] You can create multiple project aliases by running firebase use --add, 
[info] but for now we'll just set up a default project.
[info] 
[debug] [2023-01-16T11:07:06.823Z] >>> [apiv2][query] GET https://firebase.googleapis.com/v1beta1/projects pageSize=100
[debug] [2023-01-16T11:07:07.865Z] <<< [apiv2][status] GET https://firebase.googleapis.com/v1beta1/projects 200
[debug] [2023-01-16T11:07:07.865Z] <<< [apiv2][body] GET https://firebase.googleapis.com/v1beta1/projects [omitted]
[info] i  Using project coders-blog-2d8f4 (coders-blog) 
[info] 
=== Hosting Setup
[info] 
[info] Your public directory is the folder (relative to your project directory) that
[info] will contain Hosting assets to be uploaded with firebase deploy. If you
[info] have a build process for your assets, use your build's output directory.
[info] 
